2025/06/01 10:21:58 [emerg] 1#1: host not found in upstream "php_app_1:9000" in /etc/nginx/conf.d/default.conf:4
2025/06/01 10:27:42 [notice] 1#1: using the "epoll" event method
2025/06/01 10:27:42 [notice] 1#1: nginx/1.25.2
2025/06/01 10:27:42 [notice] 1#1: built by gcc 12.2.1 20220924 (Alpine 12.2.1_git20220924-r10) 
2025/06/01 10:27:42 [notice] 1#1: OS: Linux 5.15.146.1-microsoft-standard-WSL2
2025/06/01 10:27:42 [notice] 1#1: getrlimit(RLIMIT_NOFILE): 1048576:1048576
2025/06/01 10:27:42 [notice] 1#1: start worker processes
2025/06/01 10:27:42 [notice] 1#1: start worker process 29
2025/06/01 10:27:42 [notice] 1#1: start worker process 30
2025/06/01 10:27:42 [notice] 1#1: start worker process 31
2025/06/01 10:27:42 [notice] 1#1: start worker process 32
2025/06/01 10:27:42 [notice] 1#1: start worker process 33
2025/06/01 10:27:42 [notice] 1#1: start worker process 34
2025/06/01 10:27:42 [notice] 1#1: start worker process 35
2025/06/01 10:27:42 [notice] 1#1: start worker process 36
2025/06/01 10:27:50 [error] 29#29: *1 directory index of "/var/www/html/" is forbidden, client: 172.21.0.1, server: otus-test-site-1.local, request: "GET / HTTP/1.1", host: "localhost:8082"
2025/06/01 10:30:45 [error] 31#31: *5 upstream timed out (110: Operation timed out) while reading response header from upstream, client: 172.21.0.1, server: otus-test-site-1.local, request: "GET / HTTP/1.1", upstream: "fastcgi://172.21.0.3:9000", host: "localhost:8082"
2025/06/01 10:32:47 [error] 31#31: *5 upstream timed out (110: Operation timed out) while reading response header from upstream, client: 172.21.0.1, server: otus-test-site-1.local, request: "GET /consumer1/app.php HTTP/1.1", upstream: "fastcgi://172.21.0.3:9000", host: "localhost:8082"
2025/06/01 10:32:53 [error] 34#34: *10 upstream timed out (110: Operation timed out) while reading response header from upstream, client: 172.21.0.1, server: otus-test-site-1.local, request: "GET /consumer2/app.php HTTP/1.1", upstream: "fastcgi://172.21.0.3:9000", host: "localhost:8082"
2025/06/01 10:34:57 [notice] 1#1: signal 3 (SIGQUIT) received, shutting down
2025/06/01 10:34:57 [notice] 29#29: gracefully shutting down
2025/06/01 10:34:57 [notice] 30#30: gracefully shutting down
2025/06/01 10:34:57 [notice] 31#31: gracefully shutting down
2025/06/01 10:34:57 [notice] 32#32: gracefully shutting down
2025/06/01 10:34:57 [notice] 33#33: gracefully shutting down
2025/06/01 10:34:57 [notice] 34#34: gracefully shutting down
2025/06/01 10:34:57 [notice] 35#35: gracefully shutting down
2025/06/01 10:34:57 [notice] 36#36: gracefully shutting down
2025/06/01 10:34:57 [notice] 30#30: exiting
2025/06/01 10:34:57 [notice] 31#31: exiting
2025/06/01 10:34:57 [notice] 32#32: exiting
2025/06/01 10:34:57 [notice] 33#33: exiting
2025/06/01 10:34:57 [notice] 32#32: exit
2025/06/01 10:34:57 [notice] 33#33: exit
2025/06/01 10:34:57 [notice] 34#34: exiting
2025/06/01 10:34:57 [notice] 35#35: exiting
2025/06/01 10:34:57 [notice] 36#36: exiting
2025/06/01 10:34:57 [notice] 30#30: exit
2025/06/01 10:34:57 [notice] 31#31: exit
2025/06/01 10:34:57 [notice] 34#34: exit
2025/06/01 10:34:57 [notice] 35#35: exit
2025/06/01 10:34:57 [notice] 36#36: exit
2025/06/01 10:34:57 [notice] 1#1: signal 17 (SIGCHLD) received from 36
2025/06/01 10:34:57 [notice] 1#1: worker process 36 exited with code 0
2025/06/01 10:34:57 [notice] 1#1: signal 29 (SIGIO) received
2025/06/01 10:34:57 [notice] 1#1: signal 17 (SIGCHLD) received from 34
2025/06/01 10:34:57 [notice] 1#1: worker process 33 exited with code 0
2025/06/01 10:34:57 [notice] 1#1: worker process 34 exited with code 0
2025/06/01 10:34:57 [notice] 1#1: signal 29 (SIGIO) received
2025/06/01 10:34:57 [notice] 1#1: signal 17 (SIGCHLD) received from 35
2025/06/01 10:34:57 [notice] 1#1: worker process 30 exited with code 0
2025/06/01 10:34:57 [notice] 1#1: worker process 31 exited with code 0
2025/06/01 10:34:57 [notice] 1#1: worker process 32 exited with code 0
2025/06/01 10:34:57 [notice] 1#1: worker process 35 exited with code 0
2025/06/01 10:34:57 [notice] 1#1: signal 29 (SIGIO) received
2025/06/01 10:42:18 [emerg] 1#1: host not found in upstream "php_app_1:9000" in /etc/nginx/conf.d/default.conf:4
2025/06/01 10:43:09 [notice] 1#1: using the "epoll" event method
2025/06/01 10:43:09 [notice] 1#1: nginx/1.25.2
2025/06/01 10:43:09 [notice] 1#1: built by gcc 12.2.1 20220924 (Alpine 12.2.1_git20220924-r10) 
2025/06/01 10:43:09 [notice] 1#1: OS: Linux 5.15.146.1-microsoft-standard-WSL2
2025/06/01 10:43:09 [notice] 1#1: getrlimit(RLIMIT_NOFILE): 1048576:1048576
2025/06/01 10:43:09 [notice] 1#1: start worker processes
2025/06/01 10:43:09 [notice] 1#1: start worker process 30
2025/06/01 10:43:09 [notice] 1#1: start worker process 31
2025/06/01 10:43:09 [notice] 1#1: start worker process 32
2025/06/01 10:43:09 [notice] 1#1: start worker process 33
2025/06/01 10:43:09 [notice] 1#1: start worker process 34
2025/06/01 10:43:09 [notice] 1#1: start worker process 35
2025/06/01 10:43:09 [notice] 1#1: start worker process 36
2025/06/01 10:43:09 [notice] 1#1: start worker process 37
2025/06/01 10:44:14 [notice] 1#1: signal 3 (SIGQUIT) received, shutting down
2025/06/01 10:44:14 [notice] 30#30: gracefully shutting down
2025/06/01 10:44:14 [notice] 34#34: gracefully shutting down
2025/06/01 10:44:14 [notice] 32#32: gracefully shutting down
2025/06/01 10:44:14 [notice] 31#31: gracefully shutting down
2025/06/01 10:44:14 [notice] 33#33: gracefully shutting down
2025/06/01 10:44:14 [notice] 35#35: gracefully shutting down
2025/06/01 10:44:14 [notice] 37#37: gracefully shutting down
2025/06/01 10:44:14 [notice] 36#36: gracefully shutting down
2025/06/01 10:44:14 [notice] 30#30: exiting
2025/06/01 10:44:14 [notice] 34#34: exiting
2025/06/01 10:44:14 [notice] 32#32: exiting
2025/06/01 10:44:14 [notice] 31#31: exiting
2025/06/01 10:44:14 [notice] 33#33: exiting
2025/06/01 10:44:14 [notice] 35#35: exiting
2025/06/01 10:44:14 [notice] 37#37: exiting
2025/06/01 10:44:14 [notice] 36#36: exiting
2025/06/01 10:44:14 [notice] 30#30: exit
2025/06/01 10:44:14 [notice] 32#32: exit
2025/06/01 10:44:14 [notice] 34#34: exit
2025/06/01 10:44:14 [notice] 31#31: exit
2025/06/01 10:44:14 [notice] 33#33: exit
2025/06/01 10:44:14 [notice] 35#35: exit
2025/06/01 10:44:14 [notice] 37#37: exit
2025/06/01 10:44:14 [notice] 36#36: exit
2025/06/01 10:44:14 [notice] 1#1: signal 17 (SIGCHLD) received from 32
2025/06/01 10:44:14 [notice] 1#1: worker process 32 exited with code 0
2025/06/01 10:44:14 [notice] 1#1: signal 29 (SIGIO) received
2025/06/01 10:44:14 [notice] 1#1: signal 17 (SIGCHLD) received from 30
2025/06/01 10:44:14 [notice] 1#1: worker process 30 exited with code 0
2025/06/01 10:44:14 [notice] 1#1: signal 29 (SIGIO) received
2025/06/01 10:44:14 [notice] 1#1: signal 17 (SIGCHLD) received from 31
2025/06/01 10:44:14 [notice] 1#1: worker process 31 exited with code 0
2025/06/01 10:44:14 [notice] 1#1: worker process 34 exited with code 0
2025/06/01 10:44:14 [notice] 1#1: worker process 37 exited with code 0
2025/06/01 10:44:14 [notice] 1#1: signal 29 (SIGIO) received
2025/06/01 10:44:14 [notice] 1#1: signal 17 (SIGCHLD) received from 37
2025/06/01 10:44:14 [notice] 1#1: signal 17 (SIGCHLD) received from 36
2025/06/01 10:44:14 [notice] 1#1: worker process 33 exited with code 0
2025/06/01 10:44:14 [notice] 1#1: worker process 35 exited with code 0
2025/06/01 10:44:14 [notice] 1#1: worker process 36 exited with code 0
2025/06/01 10:44:14 [notice] 1#1: exit
2025/06/01 10:44:39 [emerg] 1#1: host not found in upstream "php_app_1:9000" in /etc/nginx/conf.d/default.conf:4
2025/06/01 10:45:04 [notice] 1#1: using the "epoll" event method
2025/06/01 10:45:04 [notice] 1#1: nginx/1.25.2
2025/06/01 10:45:04 [notice] 1#1: built by gcc 12.2.1 20220924 (Alpine 12.2.1_git20220924-r10) 
2025/06/01 10:45:04 [notice] 1#1: OS: Linux 5.15.146.1-microsoft-standard-WSL2
2025/06/01 10:45:04 [notice] 1#1: getrlimit(RLIMIT_NOFILE): 1048576:1048576
2025/06/01 10:45:04 [notice] 1#1: start worker processes
2025/06/01 10:45:04 [notice] 1#1: start worker process 29
2025/06/01 10:45:04 [notice] 1#1: start worker process 30
2025/06/01 10:45:04 [notice] 1#1: start worker process 31
2025/06/01 10:45:04 [notice] 1#1: start worker process 32
2025/06/01 10:45:04 [notice] 1#1: start worker process 33
2025/06/01 10:45:04 [notice] 1#1: start worker process 34
2025/06/01 10:45:04 [notice] 1#1: start worker process 35
2025/06/01 10:45:04 [notice] 1#1: start worker process 36
2025/06/01 10:46:09 [error] 29#29: *1 upstream timed out (110: Operation timed out) while reading response header from upstream, client: 172.21.0.1, server: otus-test-site-1.local, request: "GET / HTTP/1.1", upstream: "fastcgi://172.21.0.4:9000", host: "localhost:8082"
2025/06/01 11:06:13 [notice] 1#1: signal 3 (SIGQUIT) received, shutting down
2025/06/01 11:06:13 [notice] 29#29: gracefully shutting down
2025/06/01 11:06:13 [notice] 30#30: gracefully shutting down
2025/06/01 11:06:13 [notice] 35#35: gracefully shutting down
2025/06/01 11:06:13 [notice] 34#34: gracefully shutting down
2025/06/01 11:06:13 [notice] 33#33: gracefully shutting down
2025/06/01 11:06:13 [notice] 36#36: gracefully shutting down
2025/06/01 11:06:13 [notice] 32#32: gracefully shutting down
2025/06/01 11:06:13 [notice] 31#31: gracefully shutting down
2025/06/01 11:06:13 [notice] 29#29: exiting
2025/06/01 11:06:13 [notice] 30#30: exiting
2025/06/01 11:06:13 [notice] 35#35: exiting
2025/06/01 11:06:13 [notice] 34#34: exiting
2025/06/01 11:06:13 [notice] 33#33: exiting
2025/06/01 11:06:13 [notice] 36#36: exiting
2025/06/01 11:06:13 [notice] 32#32: exiting
2025/06/01 11:06:13 [notice] 33#33: exit
2025/06/01 11:06:13 [notice] 31#31: exiting
2025/06/01 11:06:13 [notice] 29#29: exit
2025/06/01 11:06:13 [notice] 30#30: exit
2025/06/01 11:06:13 [notice] 35#35: exit
2025/06/01 11:06:13 [notice] 34#34: exit
2025/06/01 11:06:13 [notice] 36#36: exit
2025/06/01 11:06:13 [notice] 32#32: exit
2025/06/01 11:06:13 [notice] 31#31: exit
2025/06/01 11:06:13 [notice] 1#1: signal 17 (SIGCHLD) received from 30
2025/06/01 11:06:13 [notice] 1#1: worker process 30 exited with code 0
2025/06/01 11:06:13 [notice] 1#1: worker process 32 exited with code 0
2025/06/01 11:06:13 [notice] 1#1: signal 29 (SIGIO) received
2025/06/01 11:06:13 [notice] 1#1: signal 17 (SIGCHLD) received from 32
2025/06/01 11:06:13 [notice] 1#1: signal 17 (SIGCHLD) received from 33
2025/06/01 11:06:13 [notice] 1#1: worker process 29 exited with code 0
2025/06/01 11:06:13 [notice] 1#1: worker process 31 exited with code 0
2025/06/01 11:06:13 [notice] 1#1: worker process 33 exited with code 0
2025/06/01 11:06:13 [notice] 1#1: worker process 34 exited with code 0
2025/06/01 11:06:13 [notice] 1#1: worker process 35 exited with code 0
2025/06/01 11:06:13 [notice] 1#1: worker process 36 exited with code 0
2025/06/01 11:06:13 [notice] 1#1: exit
2025/06/01 11:06:59 [emerg] 1#1: host not found in upstream "php_app_1:9000" in /etc/nginx/conf.d/default.conf:4
2025/06/01 11:07:12 [notice] 1#1: using the "epoll" event method
2025/06/01 11:07:12 [notice] 1#1: nginx/1.25.2
2025/06/01 11:07:12 [notice] 1#1: built by gcc 12.2.1 20220924 (Alpine 12.2.1_git20220924-r10) 
2025/06/01 11:07:12 [notice] 1#1: OS: Linux 5.15.146.1-microsoft-standard-WSL2
2025/06/01 11:07:12 [notice] 1#1: getrlimit(RLIMIT_NOFILE): 1048576:1048576
2025/06/01 11:07:12 [notice] 1#1: start worker processes
2025/06/01 11:07:12 [notice] 1#1: start worker process 29
2025/06/01 11:07:12 [notice] 1#1: start worker process 30
2025/06/01 11:07:12 [notice] 1#1: start worker process 31
2025/06/01 11:07:12 [notice] 1#1: start worker process 32
2025/06/01 11:07:12 [notice] 1#1: start worker process 33
2025/06/01 11:07:12 [notice] 1#1: start worker process 34
2025/06/01 11:07:12 [notice] 1#1: start worker process 35
2025/06/01 11:07:12 [notice] 1#1: start worker process 36
2025/06/01 11:14:00 [notice] 1#1: signal 3 (SIGQUIT) received, shutting down
2025/06/01 11:14:00 [notice] 29#29: gracefully shutting down
2025/06/01 11:14:00 [notice] 32#32: gracefully shutting down
2025/06/01 11:14:00 [notice] 33#33: gracefully shutting down
2025/06/01 11:14:00 [notice] 30#30: gracefully shutting down
2025/06/01 11:14:00 [notice] 34#34: gracefully shutting down
2025/06/01 11:14:00 [notice] 35#35: gracefully shutting down
2025/06/01 11:14:00 [notice] 36#36: gracefully shutting down
2025/06/01 11:14:00 [notice] 31#31: gracefully shutting down
2025/06/01 11:14:00 [notice] 29#29: exiting
2025/06/01 11:14:00 [notice] 29#29: exit
2025/06/01 11:14:00 [notice] 32#32: exiting
2025/06/01 11:14:00 [notice] 33#33: exiting
2025/06/01 11:14:00 [notice] 30#30: exiting
2025/06/01 11:14:00 [notice] 34#34: exiting
2025/06/01 11:14:00 [notice] 33#33: exit
2025/06/01 11:14:00 [notice] 30#30: exit
2025/06/01 11:14:00 [notice] 34#34: exit
2025/06/01 11:14:00 [notice] 35#35: exiting
2025/06/01 11:14:00 [notice] 36#36: exiting
2025/06/01 11:14:00 [notice] 31#31: exiting
2025/06/01 11:14:00 [notice] 35#35: exit
2025/06/01 11:14:00 [notice] 32#32: exit
2025/06/01 11:14:00 [notice] 31#31: exit
2025/06/01 11:14:00 [notice] 36#36: exit
2025/06/01 11:14:00 [notice] 1#1: signal 17 (SIGCHLD) received from 34
2025/06/01 11:14:00 [notice] 1#1: worker process 34 exited with code 0
2025/06/01 11:14:00 [notice] 1#1: signal 29 (SIGIO) received
2025/06/01 11:14:00 [notice] 1#1: signal 17 (SIGCHLD) received from 36
2025/06/01 11:14:00 [notice] 1#1: worker process 29 exited with code 0
2025/06/01 11:14:00 [notice] 1#1: worker process 32 exited with code 0
2025/06/01 11:14:00 [notice] 1#1: worker process 36 exited with code 0
2025/06/01 11:14:00 [notice] 1#1: signal 29 (SIGIO) received
2025/06/01 11:14:00 [notice] 1#1: signal 17 (SIGCHLD) received from 30
2025/06/01 11:14:00 [notice] 1#1: worker process 30 exited with code 0
2025/06/01 11:14:00 [notice] 1#1: worker process 31 exited with code 0
2025/06/01 11:14:00 [notice] 1#1: signal 29 (SIGIO) received
2025/06/01 11:14:00 [notice] 1#1: signal 17 (SIGCHLD) received from 35
2025/06/01 11:14:00 [notice] 1#1: worker process 33 exited with code 0
2025/06/01 11:14:00 [notice] 1#1: worker process 35 exited with code 0
2025/06/01 11:14:00 [notice] 1#1: exit
2025/06/01 11:14:47 [notice] 1#1: using the "epoll" event method
2025/06/01 11:14:47 [notice] 1#1: nginx/1.25.2
2025/06/01 11:14:47 [notice] 1#1: built by gcc 12.2.1 20220924 (Alpine 12.2.1_git20220924-r10) 
2025/06/01 11:14:47 [notice] 1#1: OS: Linux 5.15.146.1-microsoft-standard-WSL2
2025/06/01 11:14:47 [notice] 1#1: getrlimit(RLIMIT_NOFILE): 1048576:1048576
2025/06/01 11:14:47 [notice] 1#1: start worker processes
2025/06/01 11:14:47 [notice] 1#1: start worker process 29
2025/06/01 11:14:47 [notice] 1#1: start worker process 30
2025/06/01 11:14:47 [notice] 1#1: start worker process 31
2025/06/01 11:14:47 [notice] 1#1: start worker process 32
2025/06/01 11:14:47 [notice] 1#1: start worker process 33
2025/06/01 11:14:47 [notice] 1#1: start worker process 34
2025/06/01 11:14:47 [notice] 1#1: start worker process 35
2025/06/01 11:14:47 [notice] 1#1: start worker process 36
2025/06/01 16:18:07 [notice] 1#1: signal 3 (SIGQUIT) received, shutting down
2025/06/01 16:18:07 [notice] 32#32: gracefully shutting down
2025/06/01 16:18:07 [notice] 33#33: gracefully shutting down
2025/06/01 16:18:07 [notice] 35#35: gracefully shutting down
2025/06/01 16:18:07 [notice] 36#36: gracefully shutting down
2025/06/01 16:18:07 [notice] 33#33: exiting
2025/06/01 16:18:07 [notice] 30#30: gracefully shutting down
2025/06/01 16:18:07 [notice] 34#34: gracefully shutting down
2025/06/01 16:18:07 [notice] 30#30: exiting
2025/06/01 16:18:07 [notice] 31#31: gracefully shutting down
2025/06/01 16:18:07 [notice] 31#31: exiting
2025/06/01 16:18:07 [notice] 32#32: exiting
2025/06/01 16:18:07 [notice] 29#29: gracefully shutting down
2025/06/01 16:18:07 [notice] 29#29: exiting
2025/06/01 16:18:07 [notice] 35#35: exiting
2025/06/01 16:18:07 [notice] 36#36: exiting
2025/06/01 16:18:07 [notice] 33#33: exit
2025/06/01 16:18:07 [notice] 34#34: exiting
2025/06/01 16:18:07 [notice] 36#36: exit
2025/06/01 16:18:07 [notice] 34#34: exit
2025/06/01 16:18:07 [notice] 31#31: exit
2025/06/01 16:18:07 [notice] 30#30: exit
2025/06/01 16:18:07 [notice] 32#32: exit
2025/06/01 16:18:07 [notice] 29#29: exit
2025/06/01 16:18:07 [notice] 35#35: exit
2025/06/01 16:18:07 [notice] 1#1: signal 17 (SIGCHLD) received from 30
2025/06/01 16:18:07 [notice] 1#1: worker process 30 exited with code 0
2025/06/01 16:18:07 [notice] 1#1: worker process 36 exited with code 0
2025/06/01 16:18:07 [notice] 1#1: signal 29 (SIGIO) received
2025/06/01 16:18:07 [notice] 1#1: signal 17 (SIGCHLD) received from 36
2025/06/01 16:18:07 [notice] 1#1: signal 17 (SIGCHLD) received from 33
2025/06/01 16:18:07 [notice] 1#1: worker process 33 exited with code 0
2025/06/01 16:18:07 [notice] 1#1: signal 29 (SIGIO) received
2025/06/01 16:18:07 [notice] 1#1: signal 17 (SIGCHLD) received from 34
2025/06/01 16:18:07 [notice] 1#1: worker process 31 exited with code 0
2025/06/01 16:18:07 [notice] 1#1: worker process 34 exited with code 0
2025/06/01 16:18:07 [notice] 1#1: signal 29 (SIGIO) received
2025/06/01 16:18:07 [notice] 1#1: signal 17 (SIGCHLD) received from 31
2025/06/01 16:18:07 [notice] 1#1: signal 17 (SIGCHLD) received from 32
2025/06/01 16:18:07 [notice] 1#1: worker process 29 exited with code 0
2025/06/01 16:18:07 [notice] 1#1: worker process 32 exited with code 0
2025/06/01 16:18:07 [notice] 1#1: worker process 35 exited with code 0
2025/06/01 16:18:07 [notice] 1#1: exit
2025/06/02 14:28:14 [notice] 1#1: using the "epoll" event method
2025/06/02 14:28:14 [notice] 1#1: nginx/1.25.2
2025/06/02 14:28:14 [notice] 1#1: built by gcc 12.2.1 20220924 (Alpine 12.2.1_git20220924-r10) 
2025/06/02 14:28:14 [notice] 1#1: OS: Linux 5.15.146.1-microsoft-standard-WSL2
2025/06/02 14:28:14 [notice] 1#1: getrlimit(RLIMIT_NOFILE): 1048576:1048576
2025/06/02 14:28:14 [notice] 1#1: start worker processes
2025/06/02 14:28:14 [notice] 1#1: start worker process 29
2025/06/02 14:28:14 [notice] 1#1: start worker process 30
2025/06/02 14:28:14 [notice] 1#1: start worker process 31
2025/06/02 14:28:14 [notice] 1#1: start worker process 32
2025/06/02 14:28:14 [notice] 1#1: start worker process 33
2025/06/02 14:28:14 [notice] 1#1: start worker process 34
2025/06/02 14:28:14 [notice] 1#1: start worker process 35
2025/06/02 14:28:14 [notice] 1#1: start worker process 36
2025/06/03 17:58:29 [notice] 1#1: signal 3 (SIGQUIT) received, shutting down
2025/06/03 17:58:29 [notice] 34#34: gracefully shutting down
2025/06/03 17:58:29 [notice] 34#34: exiting
2025/06/03 17:58:29 [notice] 30#30: gracefully shutting down
2025/06/03 17:58:29 [notice] 30#30: exiting
2025/06/03 17:58:29 [notice] 33#33: gracefully shutting down
2025/06/03 17:58:29 [notice] 33#33: exiting
2025/06/03 17:58:29 [notice] 32#32: gracefully shutting down
2025/06/03 17:58:29 [notice] 32#32: exiting
2025/06/03 17:58:29 [notice] 29#29: gracefully shutting down
2025/06/03 17:58:29 [notice] 29#29: exiting
2025/06/03 17:58:29 [notice] 29#29: exit
2025/06/03 17:58:29 [notice] 31#31: gracefully shutting down
2025/06/03 17:58:29 [notice] 35#35: gracefully shutting down
2025/06/03 17:58:29 [notice] 35#35: exiting
2025/06/03 17:58:29 [notice] 36#36: gracefully shutting down
2025/06/03 17:58:29 [notice] 34#34: exit
2025/06/03 17:58:29 [notice] 30#30: exit
2025/06/03 17:58:29 [notice] 33#33: exit
2025/06/03 17:58:29 [notice] 32#32: exit
2025/06/03 17:58:29 [notice] 31#31: exiting
2025/06/03 17:58:29 [notice] 31#31: exit
2025/06/03 17:58:29 [notice] 35#35: exit
2025/06/03 17:58:29 [notice] 36#36: exiting
2025/06/03 17:58:29 [notice] 36#36: exit
2025/06/03 17:58:29 [notice] 1#1: signal 17 (SIGCHLD) received from 29
2025/06/03 17:58:29 [notice] 1#1: worker process 29 exited with code 0
2025/06/03 17:58:29 [notice] 1#1: signal 29 (SIGIO) received
2025/06/03 17:58:29 [notice] 1#1: signal 17 (SIGCHLD) received from 34
2025/06/03 17:58:29 [notice] 1#1: worker process 33 exited with code 0
2025/06/03 17:58:29 [notice] 1#1: worker process 32 exited with code 0
2025/06/03 17:58:29 [notice] 1#1: worker process 34 exited with code 0
2025/06/03 17:58:29 [notice] 1#1: worker process 30 exited with code 0
2025/06/03 17:58:29 [notice] 1#1: signal 29 (SIGIO) received
2025/06/03 17:58:29 [notice] 1#1: signal 17 (SIGCHLD) received from 33
2025/06/03 17:58:29 [notice] 1#1: signal 17 (SIGCHLD) received from 35
2025/06/03 17:58:29 [notice] 1#1: worker process 31 exited with code 0
2025/06/03 17:58:29 [notice] 1#1: worker process 35 exited with code 0
2025/06/03 17:58:29 [notice] 1#1: signal 29 (SIGIO) received
2025/06/03 17:58:29 [notice] 1#1: signal 17 (SIGCHLD) received from 31
2025/06/03 17:58:29 [notice] 1#1: signal 17 (SIGCHLD) received from 36
2025/06/03 17:58:29 [notice] 1#1: worker process 36 exited with code 0
2025/06/03 17:58:29 [notice] 1#1: exit
2025/06/06 08:36:51 [notice] 1#1: using the "epoll" event method
2025/06/06 08:36:51 [notice] 1#1: nginx/1.25.2
2025/06/06 08:36:51 [notice] 1#1: built by gcc 12.2.1 20220924 (Alpine 12.2.1_git20220924-r10) 
2025/06/06 08:36:51 [notice] 1#1: OS: Linux 5.15.146.1-microsoft-standard-WSL2
2025/06/06 08:36:51 [notice] 1#1: getrlimit(RLIMIT_NOFILE): 1048576:1048576
2025/06/06 08:36:51 [notice] 1#1: start worker processes
2025/06/06 08:36:51 [notice] 1#1: start worker process 29
2025/06/06 08:36:51 [notice] 1#1: start worker process 30
2025/06/06 08:36:51 [notice] 1#1: start worker process 31
2025/06/06 08:36:51 [notice] 1#1: start worker process 32
2025/06/06 08:36:51 [notice] 1#1: start worker process 33
2025/06/06 08:36:51 [notice] 1#1: start worker process 34
2025/06/06 08:36:51 [notice] 1#1: start worker process 35
2025/06/06 08:36:51 [notice] 1#1: start worker process 36
2025/06/06 08:36:58 [notice] 1#1: signal 3 (SIGQUIT) received, shutting down
2025/06/06 08:36:58 [notice] 29#29: gracefully shutting down
2025/06/06 08:36:58 [notice] 30#30: gracefully shutting down
2025/06/06 08:36:58 [notice] 30#30: exiting
2025/06/06 08:36:58 [notice] 31#31: gracefully shutting down
2025/06/06 08:36:58 [notice] 34#34: gracefully shutting down
2025/06/06 08:36:58 [notice] 35#35: gracefully shutting down
2025/06/06 08:36:58 [notice] 36#36: gracefully shutting down
2025/06/06 08:36:58 [notice] 32#32: gracefully shutting down
2025/06/06 08:36:58 [notice] 33#33: gracefully shutting down
2025/06/06 08:36:58 [notice] 29#29: exiting
2025/06/06 08:36:58 [notice] 30#30: exit
2025/06/06 08:36:58 [notice] 31#31: exiting
2025/06/06 08:36:58 [notice] 34#34: exiting
2025/06/06 08:36:58 [notice] 31#31: exit
2025/06/06 08:36:58 [notice] 35#35: exiting
2025/06/06 08:36:58 [notice] 36#36: exiting
2025/06/06 08:36:58 [notice] 32#32: exiting
2025/06/06 08:36:58 [notice] 33#33: exiting
2025/06/06 08:36:58 [notice] 29#29: exit
2025/06/06 08:36:58 [notice] 35#35: exit
2025/06/06 08:36:58 [notice] 34#34: exit
2025/06/06 08:36:58 [notice] 36#36: exit
2025/06/06 08:36:58 [notice] 32#32: exit
2025/06/06 08:36:58 [notice] 33#33: exit
2025/06/06 08:36:58 [notice] 1#1: signal 17 (SIGCHLD) received from 30
2025/06/06 08:36:58 [notice] 1#1: worker process 29 exited with code 0
2025/06/06 08:36:58 [notice] 1#1: worker process 30 exited with code 0
2025/06/06 08:36:58 [notice] 1#1: signal 29 (SIGIO) received
2025/06/06 08:36:58 [notice] 1#1: signal 17 (SIGCHLD) received from 34
2025/06/06 08:36:58 [notice] 1#1: worker process 31 exited with code 0
2025/06/06 08:36:58 [notice] 1#1: worker process 33 exited with code 0
2025/06/06 08:36:58 [notice] 1#1: worker process 34 exited with code 0
2025/06/06 08:36:58 [notice] 1#1: worker process 35 exited with code 0
2025/06/06 08:36:58 [notice] 1#1: signal 29 (SIGIO) received
2025/06/06 08:36:58 [notice] 1#1: signal 17 (SIGCHLD) received from 35
2025/06/06 08:36:58 [notice] 1#1: signal 17 (SIGCHLD) received from 32
2025/06/06 08:36:58 [notice] 1#1: worker process 32 exited with code 0
2025/06/06 08:36:58 [notice] 1#1: worker process 36 exited with code 0
2025/06/06 08:36:58 [notice] 1#1: exit
2025/06/06 08:37:18 [notice] 1#1: using the "epoll" event method
2025/06/06 08:37:18 [notice] 1#1: nginx/1.25.2
2025/06/06 08:37:18 [notice] 1#1: built by gcc 12.2.1 20220924 (Alpine 12.2.1_git20220924-r10) 
2025/06/06 08:37:18 [notice] 1#1: OS: Linux 5.15.146.1-microsoft-standard-WSL2
2025/06/06 08:37:18 [notice] 1#1: getrlimit(RLIMIT_NOFILE): 1048576:1048576
2025/06/06 08:37:18 [notice] 1#1: start worker processes
2025/06/06 08:37:18 [notice] 1#1: start worker process 29
2025/06/06 08:37:18 [notice] 1#1: start worker process 30
2025/06/06 08:37:18 [notice] 1#1: start worker process 31
2025/06/06 08:37:18 [notice] 1#1: start worker process 32
2025/06/06 08:37:18 [notice] 1#1: start worker process 33
2025/06/06 08:37:18 [notice] 1#1: start worker process 34
2025/06/06 08:37:18 [notice] 1#1: start worker process 35
2025/06/06 08:37:18 [notice] 1#1: start worker process 36
